2026-07-18 04:51:07,952 [INFO] Activator:176 - 


2026-07-18 04:51:07,957 [INFO] Activator:177 - !SESSION log4j initialized
2026-07-18 04:51:11,034 [INFO] LogOutputStream:77 - [STDOUT_REDIRECT] 
2026-07-18 04:51:17,040 [INFO] ApplicationProperties:184 - Using Application install path: C:\ST\STM32CubeIDE_1.18.1\STM32CubeIDE\plugins\com.st.stm32cube.common.mx_6.14.1.202504091515
2026-07-18 04:51:17,051 [INFO] DbMcusXml:78 - Set database path to: C:\ST\STM32CubeIDE_1.18.1\STM32CubeIDE\plugins\com.st.stm32cube.common.mx_6.14.1.202504091515\\db\/mcu/
2026-07-18 04:51:17,052 [INFO] ApiDb:274 - Set plugin database path to: C:\ST\STM32CubeIDE_1.18.1\STM32CubeIDE\plugins\com.st.stm32cube.common.mx_6.14.1.202504091515\\db\/plugins/boardmanager/
2026-07-18 04:51:17,052 [WARN] ApiDb:259 - Overriding images path with different value:  => C:\ST\STM32CubeIDE_1.18.1\STM32CubeIDE\plugins\com.st.stm32cube.common.mx_6.14.1.202504091515\\db\/plugins/mcufinder/images/
2026-07-18 04:51:17,056 [INFO] ApiDb:250 - Set database path to: C:\Users\jibri\.stmcufinder\plugins\mcufinder//mcu/
2026-07-18 04:51:17,056 [INFO] DbMcusAds:125 - Set database path to: C:\Users\jibri\.stmcufinder\plugins\mcufinder//mcu/
2026-07-18 04:51:17,058 [INFO] CrossReferenceDbSqlite:203 - Set database path to: C:\Users\jibri\.stmcufinder\plugins\mcufinder//mcu/cs/
2026-07-18 04:51:17,170 [INFO] RulesReader:64 - Compatibility file has been processed (302 Rules)
2026-07-18 04:51:17,225 [INFO] DbMcusXml:78 - Set database path to: C:\ST\STM32CubeIDE_1.18.1\STM32CubeIDE\plugins\com.st.stm32cube.common.mx_6.14.1.202504091515\\db\/mcu/
2026-07-18 04:51:17,225 [INFO] ApiDb:274 - Set plugin database path to: C:\ST\STM32CubeIDE_1.18.1\STM32CubeIDE\plugins\com.st.stm32cube.common.mx_6.14.1.202504091515\\db\/plugins/boardmanager/
2026-07-18 04:51:17,225 [INFO] ApiDb:261 - Set plugin images path to: C:\ST\STM32CubeIDE_1.18.1\STM32CubeIDE\plugins\com.st.stm32cube.common.mx_6.14.1.202504091515\\db\/plugins/mcufinder/images/
2026-07-18 04:51:17,225 [WARN] DbFile:41 - Overriding database path with different value: C:\Users\jibri\.stmcufinder\plugins\mcufinder/ => C:\Users\jibri\.stmcufinder\plugins\mcufinder
2026-07-18 04:51:17,225 [INFO] ApiDb:250 - Set database path to: C:\Users\jibri\.stmcufinder\plugins\mcufinder//mcu/
2026-07-18 04:51:17,225 [WARN] DbFile:41 - Overriding database path with different value: C:\Users\jibri\.stmcufinder\plugins\mcufinder/ => C:\Users\jibri\.stmcufinder\plugins\mcufinder
2026-07-18 04:51:17,225 [INFO] DbMcusAds:125 - Set database path to: C:\Users\jibri\.stmcufinder\plugins\mcufinder//mcu/
2026-07-18 04:51:17,225 [WARN] DbFile:41 - Overriding database path with different value: C:\Users\jibri\.stmcufinder\plugins\mcufinder/ => C:\Users\jibri\.stmcufinder\plugins\mcufinder
2026-07-18 04:51:17,225 [WARN] DbFile:41 - Overriding database path with different value: C:\Users\jibri\.stmcufinder\plugins\mcufinder/ => C:\Users\jibri\.stmcufinder\plugins\mcufinder
2026-07-18 04:51:17,225 [INFO] CrossReferenceDbSqlite:203 - Set database path to: C:\Users\jibri\.stmcufinder\plugins\mcufinder//mcu/cs/
2026-07-18 04:51:17,273 [INFO] MainPanel:272 - HeapMemory: 268435456
2026-07-18 04:51:17,328 [INFO] DbMcusXml:78 - Set database path to: C:\ST\STM32CubeIDE_1.18.1\STM32CubeIDE\plugins\com.st.stm32cube.common.mx_6.14.1.202504091515\\db\/mcu/
2026-07-18 04:51:17,329 [INFO] ApiDb:274 - Set plugin database path to: C:\ST\STM32CubeIDE_1.18.1\STM32CubeIDE\plugins\com.st.stm32cube.common.mx_6.14.1.202504091515\\db\/plugins/boardmanager/
2026-07-18 04:51:17,329 [INFO] ApiDb:261 - Set plugin images path to: C:\ST\STM32CubeIDE_1.18.1\STM32CubeIDE\plugins\com.st.stm32cube.common.mx_6.14.1.202504091515\\db\/plugins/mcufinder/images/
2026-07-18 04:51:17,329 [WARN] DbFile:41 - Overriding database path with different value: C:\Users\jibri\.stmcufinder\plugins\mcufinder/ => C:\Users\jibri\.stmcufinder\plugins\mcufinder
2026-07-18 04:51:17,329 [INFO] ApiDb:250 - Set database path to: C:\Users\jibri\.stmcufinder\plugins\mcufinder//mcu/
2026-07-18 04:51:17,329 [WARN] DbFile:41 - Overriding database path with different value: C:\Users\jibri\.stmcufinder\plugins\mcufinder/ => C:\Users\jibri\.stmcufinder\plugins\mcufinder
2026-07-18 04:51:17,329 [INFO] DbMcusAds:125 - Set database path to: C:\Users\jibri\.stmcufinder\plugins\mcufinder//mcu/
2026-07-18 04:51:17,329 [WARN] DbFile:41 - Overriding database path with different value: C:\Users\jibri\.stmcufinder\plugins\mcufinder/ => C:\Users\jibri\.stmcufinder\plugins\mcufinder
2026-07-18 04:51:17,329 [WARN] DbFile:41 - Overriding database path with different value: C:\Users\jibri\.stmcufinder\plugins\mcufinder/ => C:\Users\jibri\.stmcufinder\plugins\mcufinder
2026-07-18 04:51:17,329 [INFO] CrossReferenceDbSqlite:203 - Set database path to: C:\Users\jibri\.stmcufinder\plugins\mcufinder//mcu/cs/
2026-07-18 04:51:17,342 [INFO] ApplicationProperties:184 - Using Application install path: C:\ST\STM32CubeIDE_1.18.1\STM32CubeIDE\plugins\com.st.stm32cube.common.mx_6.14.1.202504091515
2026-07-18 04:51:17,343 [INFO] PluginManage:196 - Search for loadable plugins [exclusion list=, ]
2026-07-18 04:51:17,344 [INFO] PluginManage:310 - Check plugin analytics
2026-07-18 04:51:21,977 [INFO] AnalyticsPlugin:253 - Accepted Software Licenses: 
2026-07-18 04:51:21,977 [INFO] AnalyticsPlugin:255 - Accepted CMSIS Pack Licenses: 
2026-07-18 04:51:21,977 [INFO] AnalyticsPlugin:257 - Accepted Firmware Licenses: FW.F4.1.28.0
2026-07-18 04:51:21,977 [INFO] PluginManage:359 - Loaded plugin analytics (category:tool,tabindex:-1)
2026-07-18 04:51:21,978 [INFO] PluginManage:310 - Check plugin cadmodel
2026-07-18 04:51:21,980 [INFO] CADModel:105 - Init CAD model plugin
2026-07-18 04:51:21,980 [INFO] PluginManage:359 - Loaded plugin cadmodel (category:power,tabindex:5)
2026-07-18 04:51:21,981 [INFO] PluginManage:310 - Check plugin clock
2026-07-18 04:51:21,986 [INFO] PluginManage:359 - Loaded plugin clock (category:base,tabindex:2)
2026-07-18 04:51:21,986 [INFO] PluginManage:310 - Check plugin ddr
2026-07-18 04:51:21,987 [INFO] PluginManage:359 - Loaded plugin ddr (category:tool,tabindex:6)
2026-07-18 04:51:21,987 [INFO] PluginManage:310 - Check plugin filemanager
2026-07-18 04:51:22,094 [INFO] PluginManage:359 - Loaded plugin filemanager (category:base,tabindex:10)
2026-07-18 04:51:22,094 [INFO] PluginManage:310 - Check plugin ipmanager
2026-07-18 04:51:22,100 [INFO] PluginManage:359 - Loaded plugin ipmanager (category:base,tabindex:5)
2026-07-18 04:51:22,100 [INFO] PluginManage:310 - Check plugin lpbam
2026-07-18 04:51:22,106 [INFO] PluginManage:359 - Loaded plugin lpbam (category:base,tabindex:0)
2026-07-18 04:51:22,106 [INFO] PluginManage:310 - Check plugin memorymap
2026-07-18 04:51:22,115 [INFO] PluginManage:359 - Loaded plugin memorymap (category:base,tabindex:4)
2026-07-18 04:51:22,115 [INFO] PluginManage:310 - Check plugin pinoutandconfiguration
2026-07-18 04:51:22,121 [INFO] PluginManage:359 - Loaded plugin pinoutandconfiguration (category:base,tabindex:1)
2026-07-18 04:51:22,121 [INFO] PluginManage:310 - Check plugin pinoutconfig
2026-07-18 04:51:22,187 [WARN] SupportedApi:132 - Cannot load RTOS API schema: s4s-elt-must-match.1: The content of 'definitions' must match (annotation?, (simpleType | complexType)?, (unique | key | keyref)*)). A problem was found starting at: attribute.
2026-07-18 04:51:22,280 [INFO] PluginManage:359 - Loaded plugin pinoutconfig (category:base,tabindex:0)
2026-07-18 04:51:22,280 [INFO] PluginManage:310 - Check plugin power
2026-07-18 04:51:22,286 [INFO] PluginManage:359 - Loaded plugin power (category:power,tabindex:4)
2026-07-18 04:51:22,286 [INFO] PluginManage:310 - Check plugin projectmanager
2026-07-18 04:51:22,297 [INFO] PluginManage:359 - Loaded plugin projectmanager (category:projectmanager,tabindex:4)
2026-07-18 04:51:22,298 [INFO] PluginManage:310 - Check plugin rif
2026-07-18 04:51:22,302 [INFO] PluginManage:359 - Loaded plugin rif (category:base,tabindex:3)
2026-07-18 04:51:22,303 [INFO] PluginManage:310 - Check plugin thirdparty
2026-07-18 04:51:22,390 [INFO] PluginManage:359 - Loaded plugin thirdparty (category:base,tabindex:-1)
2026-07-18 04:51:22,390 [INFO] PluginManage:310 - Check plugin tools
2026-07-18 04:51:22,390 [WARN] IntegrityCheckThread:84 - waiting for thirdparty lock release [integrity check]
2026-07-18 04:51:22,390 [INFO] IntegrityCheckThread:86 - entering critical section [integrity check]
2026-07-18 04:51:22,391 [INFO] ThirdPartyUpdaterWithRetryManager:70 - Updater plugin not ready yet. [1/15]
2026-07-18 04:51:22,392 [INFO] PluginManage:359 - Loaded plugin tools (category:base,tabindex:7)
2026-07-18 04:51:22,392 [INFO] PluginManage:310 - Check plugin tutovideos
2026-07-18 04:51:22,502 [INFO] PluginManage:359 - Loaded plugin tutovideos (category:base,tabindex:-1)
2026-07-18 04:51:22,503 [INFO] PluginManage:310 - Check plugin updater
2026-07-18 04:51:22,519 [INFO] PluginManage:359 - Loaded plugin updater (category:base,tabindex:12)
2026-07-18 04:51:22,519 [INFO] PluginManage:310 - Check plugin userauth
2026-07-18 04:51:22,521 [INFO] UserAuth:118 - Init User Auth plugin
2026-07-18 04:51:22,522 [INFO] PluginManage:359 - Loaded plugin userauth (category:base,tabindex:14)
2026-07-18 04:51:22,522 [INFO] PluginManage:283 - PluginManage : Loaded plugins [18]
2026-07-18 04:51:22,669 [INFO] PinOutPanel:1589 - setPackage(No Configuration,No Configuration)
2026-07-18 04:51:22,730 [INFO] CADModel:165 - CPN selected for project level
2026-07-18 04:51:22,730 [INFO] CADModel:114 - Register for checkConnection events
2026-07-18 04:51:22,741 [INFO] IPUIPlugin:80 - create IPUIPlugin
2026-07-18 04:51:22,741 [INFO] PluginManager:220 - loadIPPluginJar : add adc
2026-07-18 04:51:22,742 [INFO] IPUIPlugin:80 - create IPUIPlugin
2026-07-18 04:51:22,742 [INFO] PluginManager:220 - loadIPPluginJar : add aes
2026-07-18 04:51:22,744 [INFO] IPUIPlugin:80 - create IPUIPlugin
2026-07-18 04:51:22,744 [INFO] PluginManager:220 - loadIPPluginJar : add can
2026-07-18 04:51:22,745 [INFO] IPUIPlugin:80 - create IPUIPlugin
2026-07-18 04:51:22,745 [INFO] PluginManager:220 - loadIPPluginJar : add comp
2026-07-18 04:51:22,746 [INFO] IPUIPlugin:80 - create IPUIPlugin
2026-07-18 04:51:22,746 [INFO] PluginManager:220 - loadIPPluginJar : add cryp
2026-07-18 04:51:22,748 [INFO] IPUIPlugin:80 - create IPUIPlugin
2026-07-18 04:51:22,748 [INFO] PluginManager:220 - loadIPPluginJar : add ddr_ctrl_phy
2026-07-18 04:51:22,749 [INFO] IPUIPlugin:80 - create IPUIPlugin
2026-07-18 04:51:22,749 [INFO] PluginManager:220 - loadIPPluginJar : add dfsdm
2026-07-18 04:51:22,752 [INFO] IPUIPlugin:80 - create IPUIPlugin
2026-07-18 04:51:22,753 [INFO] PluginManager:220 - loadIPPluginJar : add dma
2026-07-18 04:51:22,754 [INFO] IPUIPlugin:80 - create IPUIPlugin
2026-07-18 04:51:22,754 [INFO] PluginManager:220 - loadIPPluginJar : add dma3
2026-07-18 04:51:22,756 [INFO] IPUIPlugin:80 - create IPUIPlugin
2026-07-18 04:51:22,756 [INFO] PluginManager:220 - loadIPPluginJar : add extmemmanager
2026-07-18 04:51:22,757 [INFO] IPUIPlugin:80 - create IPUIPlugin
2026-07-18 04:51:22,757 [INFO] PluginManager:220 - loadIPPluginJar : add fatfs
2026-07-18 04:51:22,759 [INFO] IPUIPlugin:80 - create IPUIPlugin
2026-07-18 04:51:22,759 [INFO] PluginManager:220 - loadIPPluginJar : add fmc
2026-07-18 04:51:22,762 [INFO] IPUIPlugin:80 - create IPUIPlugin
2026-07-18 04:51:22,763 [INFO] PluginManager:220 - loadIPPluginJar : add freertos
2026-07-18 04:51:22,763 [INFO] IPUIPlugin:80 - create IPUIPlugin
2026-07-18 04:51:22,763 [INFO] PluginManager:220 - loadIPPluginJar : add genericplugin
2026-07-18 04:51:22,765 [INFO] IPUIPlugin:80 - create IPUIPlugin
2026-07-18 04:51:22,765 [INFO] PluginManager:220 - loadIPPluginJar : add gfxmmu
2026-07-18 04:51:22,767 [INFO] IPUIPlugin:80 - create IPUIPlugin
2026-07-18 04:51:22,767 [INFO] PluginManager:220 - loadIPPluginJar : add gic
2026-07-18 04:51:22,770 [INFO] IPUIPlugin:80 - create IPUIPlugin
2026-07-18 04:51:22,770 [INFO] PluginManager:220 - loadIPPluginJar : add gpio
2026-07-18 04:51:22,772 [INFO] IPUIPlugin:80 - create IPUIPlugin
2026-07-18 04:51:22,772 [INFO] PluginManager:220 - loadIPPluginJar : add gtzc
2026-07-18 04:51:22,773 [INFO] IPUIPlugin:80 - create IPUIPlugin
2026-07-18 04:51:22,773 [INFO] PluginManager:220 - loadIPPluginJar : add hash
2026-07-18 04:51:22,775 [INFO] IPUIPlugin:80 - create IPUIPlugin
2026-07-18 04:51:22,775 [INFO] PluginManager:220 - loadIPPluginJar : add i2c
2026-07-18 04:51:22,777 [INFO] IPUIPlugin:80 - create IPUIPlugin
2026-07-18 04:51:22,777 [INFO] PluginManager:220 - loadIPPluginJar : add i2s
2026-07-18 04:51:22,778 [INFO] IPUIPlugin:80 - create IPUIPlugin
2026-07-18 04:51:22,778 [INFO] PluginManager:220 - loadIPPluginJar : add i3c
2026-07-18 04:51:22,780 [INFO] IPUIPlugin:80 - create IPUIPlugin
2026-07-18 04:51:22,780 [INFO] PluginManager:220 - loadIPPluginJar : add ipddr
2026-07-18 04:51:22,785 [INFO] IPUIPlugin:80 - create IPUIPlugin
2026-07-18 04:51:22,785 [INFO] PluginManager:220 - loadIPPluginJar : add linkedlist
2026-07-18 04:51:22,786 [INFO] IPUIPlugin:80 - create IPUIPlugin
2026-07-18 04:51:22,787 [INFO] PluginManager:220 - loadIPPluginJar : add lorawan
2026-07-18 04:51:22,787 [INFO] IPUIPlugin:80 - create IPUIPlugin
2026-07-18 04:51:22,787 [INFO] PluginManager:220 - loadIPPluginJar : add ltdc
2026-07-18 04:51:22,791 [INFO] IPUIPlugin:80 - create IPUIPlugin
2026-07-18 04:51:22,791 [INFO] PluginManager:220 - loadIPPluginJar : add mdma
2026-07-18 04:51:22,793 [INFO] IPUIPlugin:80 - create IPUIPlugin
2026-07-18 04:51:22,793 [INFO] PluginManager:220 - loadIPPluginJar : add nvic
2026-07-18 04:51:22,795 [INFO] IPUIPlugin:80 - create IPUIPlugin
2026-07-18 04:51:22,795 [INFO] PluginManager:220 - loadIPPluginJar : add opamp
2026-07-18 04:51:22,797 [INFO] IPUIPlugin:80 - create IPUIPlugin
2026-07-18 04:51:22,797 [INFO] PluginManager:220 - loadIPPluginJar : add openamp
2026-07-18 04:51:22,799 [INFO] IPUIPlugin:80 - create IPUIPlugin
2026-07-18 04:51:22,799 [INFO] PluginManager:220 - loadIPPluginJar : add pdm2pcm
2026-07-18 04:51:22,803 [INFO] IPUIPlugin:80 - create IPUIPlugin
2026-07-18 04:51:22,805 [INFO] PluginManager:220 - loadIPPluginJar : add plateformsettings
2026-07-18 04:51:22,806 [INFO] IPUIPlugin:80 - create IPUIPlugin
2026-07-18 04:51:22,806 [INFO] PluginManager:220 - loadIPPluginJar : add quadspi
2026-07-18 04:51:22,807 [INFO] IPUIPlugin:80 - create IPUIPlugin
2026-07-18 04:51:22,808 [INFO] PluginManager:220 - loadIPPluginJar : add radio
2026-07-18 04:51:22,810 [INFO] IPUIPlugin:80 - create IPUIPlugin
2026-07-18 04:51:22,810 [INFO] PluginManager:220 - loadIPPluginJar : add resmgrutility
2026-07-18 04:51:22,812 [INFO] IPUIPlugin:80 - create IPUIPlugin
2026-07-18 04:51:22,812 [INFO] PluginManager:220 - loadIPPluginJar : add sai
2026-07-18 04:51:22,813 [INFO] IPUIPlugin:80 - create IPUIPlugin
2026-07-18 04:51:22,813 [INFO] PluginManager:220 - loadIPPluginJar : add spi
2026-07-18 04:51:22,817 [INFO] IPUIPlugin:80 - create IPUIPlugin
2026-07-18 04:51:22,817 [INFO] PluginManager:220 - loadIPPluginJar : add stm32_wpan
2026-07-18 04:51:22,818 [INFO] IPUIPlugin:80 - create IPUIPlugin
2026-07-18 04:51:22,818 [INFO] PluginManager:220 - loadIPPluginJar : add tim
2026-07-18 04:51:22,821 [INFO] IPUIPlugin:80 - create IPUIPlugin
2026-07-18 04:51:22,821 [INFO] PluginManager:220 - loadIPPluginJar : add touchsensing
2026-07-18 04:51:22,822 [INFO] IPUIPlugin:80 - create IPUIPlugin
2026-07-18 04:51:22,822 [INFO] PluginManager:220 - loadIPPluginJar : add tracer_emb
2026-07-18 04:51:22,823 [INFO] IPUIPlugin:80 - create IPUIPlugin
2026-07-18 04:51:22,823 [INFO] PluginManager:220 - loadIPPluginJar : add ts
2026-07-18 04:51:22,824 [INFO] IPUIPlugin:80 - create IPUIPlugin
2026-07-18 04:51:22,824 [INFO] PluginManager:220 - loadIPPluginJar : add tsc
2026-07-18 04:51:22,825 [INFO] IPUIPlugin:80 - create IPUIPlugin
2026-07-18 04:51:22,825 [INFO] PluginManager:220 - loadIPPluginJar : add ucpd
2026-07-18 04:51:22,827 [INFO] IPUIPlugin:80 - create IPUIPlugin
2026-07-18 04:51:22,827 [INFO] PluginManager:220 - loadIPPluginJar : add usart
2026-07-18 04:51:22,828 [INFO] IPUIPlugin:80 - create IPUIPlugin
2026-07-18 04:51:22,828 [INFO] PluginManager:220 - loadIPPluginJar : add usbx
2026-07-18 04:51:22,938 [FATAL] Updater:351 - Updater called before beeing initialized
2026-07-18 04:51:22,956 [INFO] RulesReader:64 - Compatibility file has been processed (302 Rules)
2026-07-18 04:51:22,964 [INFO] RulesReader:64 - Compatibility file has been processed (302 Rules)
2026-07-18 04:51:22,968 [INFO] CADModel:165 - CPN selected for project level
2026-07-18 04:51:22,969 [INFO] CADModel:114 - Register for checkConnection events
2026-07-18 04:51:22,969 [FATAL] Updater:351 - Updater called before beeing initialized
2026-07-18 04:51:22,969 [ERROR] CADModel:125 - Updater not yet initialized, retry later 
2026-07-18 04:51:23,057 [FATAL] Updater:351 - Updater called before beeing initialized
2026-07-18 04:51:23,058 [INFO] CADModel:165 - CPN selected for project level
2026-07-18 04:51:23,058 [INFO] CADModel:114 - Register for checkConnection events
2026-07-18 04:51:23,058 [FATAL] Updater:351 - Updater called before beeing initialized
2026-07-18 04:51:23,058 [ERROR] CADModel:125 - Updater not yet initialized, retry later 
2026-07-18 04:51:23,061 [FATAL] Updater:351 - Updater called before beeing initialized
2026-07-18 04:51:23,139 [FATAL] Updater:351 - Updater called before beeing initialized
2026-07-18 04:51:23,142 [INFO] DbMcusAds:53 - JSON generation date=Thu May 28 09:08:16 PDT 2026 (1779984496303)
2026-07-18 04:51:23,142 [FATAL] Updater:351 - Updater called before beeing initialized
2026-07-18 04:51:23,168 [WARN] DetailPanel:346 - Failed to get advertising image, set to default
2026-07-18 04:51:23,385 [FATAL] Updater:351 - Updater called before beeing initialized
2026-07-18 04:51:23,386 [FATAL] Updater:351 - Updater called before beeing initialized
2026-07-18 04:51:23,386 [FATAL] Updater:351 - Updater called before beeing initialized
2026-07-18 04:51:23,386 [WARN] DetailPanel:346 - Failed to get advertising image, set to default
2026-07-18 04:51:23,387 [FATAL] Updater:351 - Updater called before beeing initialized
2026-07-18 04:51:23,418 [ERROR] Updater:1198 - MainUpdater not yet initialized. External WinMGr cannot be set.
2026-07-18 04:51:23,419 [INFO] Updater:1134 - Updater Version found : 6.14.1
2026-07-18 04:51:23,432 [INFO] ApplicationProperties:184 - Using Application install path: C:\ST\STM32CubeIDE_1.18.1\STM32CubeIDE\plugins\com.st.stm32cube.common.mx_6.14.1.202504091515
2026-07-18 04:51:25,001 [ERROR] LogOutputStream:75 - [STDERR_REDIRECT] Jul 18, 2026 4:51:24 AM java.util.prefs.WindowsPreferences <init>
2026-07-18 04:51:25,003 [ERROR] LogOutputStream:75 - [STDERR_REDIRECT] WARNING: Could not open/create prefs root node Software\JavaSoft\Prefs at root 0xffffffff80000002. Windows RegCreateKeyEx(...) returned error code 5.
2026-07-18 04:51:25,003 [ERROR] LogOutputStream:75 - [STDERR_REDIRECT] 
2026-07-18 04:51:25,314 [INFO] MainUpdater:2872 - connection check result : 10
2026-07-18 04:51:25,315 [INFO] MainUpdater:289 - Updater Check For Update Now.
2026-07-18 04:51:25,315 [INFO] MicroXplorer:498 - Change Database Version : DB.6.0.141
2026-07-18 04:51:25,320 [INFO] McuFinderGlobals:63 - Set McuFinder mode to 2 (CubeIDE integrated)
2026-07-18 04:51:25,321 [INFO] UserAuth:484 - Internet connection configuration mode: 1
2026-07-18 04:51:25,336 [INFO] JxBrowserEngine:152 - Initiate JxBrowser Engine with user profile folder
2026-07-18 04:51:25,391 [WARN] MainUpdater:1193 - Updater busy. Cannot search thirdparties
2026-07-18 04:51:25,391 [INFO] ThirdPartyUpdaterWithRetryManager:96 - Updater plugin is busy. [1/15]
2026-07-18 04:51:25,499 [INFO] CheckServerUpdateThread:120 - End of CheckServer Thread
2026-07-18 04:51:25,756 [INFO] WebApp:169 - Instantiating new browser for Auth
2026-07-18 04:51:26,258 [INFO] WebApp:463 - Apply proxy settings
2026-07-18 04:51:26,258 [INFO] WebApp:548 - Chromium requires no authentication
2026-07-18 04:51:26,264 [INFO] WebApp:491 - Direct internet connection detected
2026-07-18 04:51:26,280 [INFO] WebApp:894 - Register for checkConnection events
2026-07-18 04:51:26,280 [INFO] WebApp:463 - Apply proxy settings
2026-07-18 04:51:26,280 [INFO] WebApp:548 - Chromium requires no authentication
2026-07-18 04:51:26,280 [INFO] WebApp:491 - Direct internet connection detected
2026-07-18 04:51:26,380 [INFO] WebApp:225 - Starting web application
2026-07-18 04:51:26,380 [INFO] WebApp:593 - Web application path used C:\ST\STM32CubeIDE_1.18.1\STM32CubeIDE\plugins\com.st.stm32cube.common.mx_6.14.1.202504091515\db\plugins\mcufinder\reactClient1\index.html
2026-07-18 04:51:26,440 [INFO] UserAuth:484 - Internet connection configuration mode: 1
2026-07-18 04:51:26,624 [INFO] WebApp:191 - Connection restablished
2026-07-18 04:51:28,608 [WARN] PackLoader:240 - Cannot read IP mode file for STMicroelectronics.X-CUBE-AZRTOS-H7.3.5.0
2026-07-18 04:51:28,618 [WARN] PackLoader:240 - Cannot read IP mode file for STMicroelectronics.FP-ATR-ASTRA1.2.0.3
2026-07-18 04:51:28,621 [WARN] PackLoader:240 - Cannot read IP mode file for STMicroelectronics.FP-ATR-ASTRA1.2.0.2
2026-07-18 04:51:28,625 [ERROR] Engine:466 - C:\Users\jibri\.stm32cubemx\thirdparties\pdsc\STMicroelectronics.X-CUBE-SMBUS.2.1.1.pdsc: PDSC version is not supported
2026-07-18 04:51:28,642 [WARN] PackLoader:240 - Cannot read IP mode file for STMicroelectronics.X-CUBE-AZRTOS-F7.1.1.0
2026-07-18 04:51:28,648 [ERROR] Engine:466 - C:\Users\jibri\.stm32cubemx\thirdparties\pdsc\STMicroelectronics.X-CUBE-FREERTOS.1.6.0.pdsc: PDSC version is not supported
2026-07-18 04:51:28,650 [ERROR] Engine:466 - C:\Users\jibri\.stm32cubemx\thirdparties\pdsc\STMicroelectronics.FP-SNS-MOTENV1.5.1.0.pdsc: PDSC version is not supported
2026-07-18 04:51:28,666 [WARN] PackLoader:240 - Cannot read IP mode file for STMicroelectronics.X-CUBE-AZRTOS-H7RS.1.3.0
2026-07-18 04:51:28,684 [ERROR] Engine:466 - C:\Users\jibri\.stm32cubemx\thirdparties\pdsc\WES.I-CUBE-Cesium.1.4.0.pdsc: PDSC version is not supported
2026-07-18 04:51:28,690 [WARN] PackLoader:240 - Cannot read IP mode file for STMicroelectronics.X-CUBE-DISPLAY.3.0.0
2026-07-18 04:51:28,700 [WARN] PackLoader:240 - Cannot read IP mode file for STMicroelectronics.X-CUBE-GNSS1.7.1.1
2026-07-18 04:51:28,702 [ERROR] Engine:466 - C:\Users\jibri\.stm32cubemx\thirdparties\pdsc\STMicroelectronics.FP-SNS-MOTENVWB1.1.5.0.pdsc: PDSC version is not supported
2026-07-18 04:51:28,705 [WARN] PackLoader:240 - Cannot read IP mode file for wolfSSL.I-CUBE-wolfSSL.5.9.1
2026-07-18 04:51:28,711 [WARN] PackLoader:240 - Cannot read IP mode file for STMicroelectronics.X-CUBE-NFC10.1.0.0
2026-07-18 04:51:28,716 [WARN] PackLoader:240 - Cannot read IP mode file for STMicroelectronics.X-CUBE-ST60.1.1.0
2026-07-18 04:51:28,720 [WARN] PackLoader:240 - Cannot read IP mode file for emotas.I-CUBE-CANOPEN.1.3.0
2026-07-18 04:51:28,722 [ERROR] Engine:466 - C:\Users\jibri\.stm32cubemx\thirdparties\pdsc\STMicroelectronics.X-CUBE-WBA.1.1.0.pdsc: PDSC version is not supported
2026-07-18 04:51:28,724 [ERROR] Engine:466 - C:\Users\jibri\.stm32cubemx\thirdparties\pdsc\STMicroelectronics.FP-SNS-STBOX1.2.1.0.pdsc: PDSC version is not supported
2026-07-18 04:51:28,727 [WARN] PackLoader:240 - Cannot read IP mode file for STMicroelectronics.FP-SNS-SMARTAG2.1.2.0
2026-07-18 04:51:28,730 [WARN] PackLoader:240 - Cannot read IP mode file for STMicroelectronics.FP-SNS-FLIGHT1.5.1.0
2026-07-18 04:51:28,735 [INFO] LogOutputStream:77 - [STDOUT_REDIRECT] 1 : Invalid condition id : UX_CORESTACK_Condition cause : null
2026-07-18 04:51:28,736 [INFO] LogOutputStream:77 - [STDOUT_REDIRECT] 1 : Invalid condition id : UX_CORESTACK_Condition cause : null
2026-07-18 04:51:28,736 [INFO] LogOutputStream:77 - [STDOUT_REDIRECT] 1 : Invalid condition id : UX_CORESTACK_Condition cause : null
2026-07-18 04:51:28,737 [INFO] LogOutputStream:77 - [STDOUT_REDIRECT] 1 : Invalid condition id : UX_CORESTACK_Condition cause : null
2026-07-18 04:51:28,738 [INFO] LogOutputStream:77 - [STDOUT_REDIRECT] 1 : Invalid condition id : UX_CORESTACK_Condition cause : null
2026-07-18 04:51:28,739 [WARN] PackLoader:240 - Cannot read IP mode file for STMicroelectronics.X-CUBE-AZRTOS-WL.2.0.0
2026-07-18 04:51:28,752 [WARN] PackLoader:240 - Cannot read IP mode file for STMicroelectronics.X-CUBE-AZRTOS-H7RS.1.2.0
2026-07-18 04:51:28,757 [WARN] PackLoader:240 - Cannot read IP mode file for STMicroelectronics.X-CUBE-BLE2.3.3.0
2026-07-18 04:51:28,783 [WARN] PackLoader:240 - Cannot read IP mode file for Infineon.AIROC-Wi-Fi-Bluetooth-STM32.1.8.0
2026-07-18 04:51:28,790 [WARN] PackLoader:240 - Cannot read IP mode file for STMicroelectronics.X-CUBE-NFC9.1.0.0
2026-07-18 04:51:28,795 [WARN] PackLoader:240 - Cannot read IP mode file for STMicroelectronics.X-CUBE-BLE1.7.1.0
2026-07-18 04:51:28,798 [WARN] PackLoader:240 - Cannot read IP mode file for wolfSSL.I-CUBE-wolfMQTT.1.19.2
2026-07-18 04:51:28,802 [WARN] PackLoader:240 - Cannot read IP mode file for STMicroelectronics.X-CUBE-EEPRMA1.5.2.0
2026-07-18 04:51:28,805 [ERROR] Engine:466 - C:\Users\jibri\.stm32cubemx\thirdparties\pdsc\STMicroelectronics.FP-SNS-STAIOTCFT.1.1.0.pdsc: PDSC version is not supported
2026-07-18 04:51:28,814 [WARN] PackLoader:240 - Cannot read IP mode file for STMicroelectronics.X-CUBE-AZRTOS-G0.1.1.0
2026-07-18 04:51:28,818 [WARN] PackLoader:240 - Cannot read IP mode file for STMicroelectronics.X-CUBE-NFC4.3.0.0
2026-07-18 04:51:28,824 [WARN] PackLoader:240 - Cannot read IP mode file for EmbeddedOffice.I-CUBE-FS-RTOS.1.0.1
2026-07-18 04:51:28,827 [WARN] PackLoader:240 - Cannot read IP mode file for wolfSSL.I-CUBE-wolfTPM.3.8.0
2026-07-18 04:51:28,831 [WARN] PackLoader:240 - Cannot read IP mode file for STMicroelectronics.X-CUBE-TCPP.4.2.0
2026-07-18 04:51:28,835 [WARN] PackLoader:240 - Cannot read IP mode file for RealThread.X-CUBE-RT-Thread_Nano.4.1.1
2026-07-18 04:51:28,839 [WARN] PackLoader:240 - Cannot read IP mode file for STMicroelectronics.FP-ATR-SIGFOX1.3.2.0
2026-07-18 04:51:28,840 [ERROR] Engine:466 - C:\Users\jibri\.stm32cubemx\thirdparties\pdsc\STMicroelectronics.X-CUBE-FREERTOS.1.5.0.pdsc: PDSC version is not supported
2026-07-18 04:51:28,844 [WARN] PackLoader:240 - Cannot read IP mode file for ITTIA_DB.I-CUBE-ITTIADB.8.9.0
2026-07-18 04:51:28,848 [WARN] PackLoader:240 - Cannot read IP mode file for Cesanta.I-CUBE-Mongoose.7.21.7
2026-07-18 04:51:28,852 [WARN] PackLoader:240 - Cannot read IP mode file for STMicroelectronics.X-CUBE-NFC6.3.2.0
2026-07-18 04:51:28,856 [WARN] PackLoader:240 - Cannot read IP mode file for STMicroelectronics.X-CUBE-AI.10.2.1
2026-07-18 04:51:28,859 [WARN] PackLoader:240 - Cannot read IP mode file for STMicroelectronics.X-CUBE-AI.10.2.0
2026-07-18 04:51:28,885 [WARN] PackLoader:240 - Cannot read IP mode file for STMicroelectronics.X-CUBE-MEMS1.12.1.0
2026-07-18 04:51:29,032 [WARN] PackLoader:240 - Cannot read IP mode file for SEGGER.I-CUBE-embOS.1.3.1
2026-07-18 04:51:29,068 [WARN] PackLoader:240 - Cannot read IP mode file for STMicroelectronics.X-CUBE-NFC13.1.0.0
2026-07-18 04:51:29,074 [WARN] PackLoader:240 - Cannot read IP mode file for STMicroelectronics.X-CUBE-PM33A1.1.0.0
2026-07-18 04:51:29,087 [WARN] PackLoader:240 - Cannot read IP mode file for STMicroelectronics.X-CUBE-AZRTOS-F4.1.1.0
2026-07-18 04:51:29,091 [WARN] PackLoader:240 - Cannot read IP mode file for STMicroelectronics.X-CUBE-ISPU.2.1.0
2026-07-18 04:51:29,095 [ERROR] Engine:466 - C:\Users\jibri\.stm32cubemx\thirdparties\pdsc\STMicroelectronics.X-CUBE-IPS.3.2.0.pdsc: PDSC version is not supported
2026-07-18 04:51:29,098 [WARN] PackLoader:240 - Cannot read IP mode file for STMicroelectronics.eDS-WB_DPC_TT-BIDIR.2.1.1
2026-07-18 04:51:29,102 [WARN] PackLoader:240 - Cannot read IP mode file for STMicroelectronics.X-CUBE-NFC12.1.0.0
2026-07-18 04:51:29,112 [WARN] PackLoader:240 - Cannot read IP mode file for STMicroelectronics.X-CUBE-AZRTOS-L5.2.0.0
2026-07-18 04:51:29,118 [WARN] PackLoader:240 - Cannot read IP mode file for STMicroelectronics.X-CUBE-ALGOBUILD.1.5.0
2026-07-18 04:51:29,120 [WARN] PackLoader:240 - Cannot read IP mode file for STMicroelectronics.eDS-WB_DPC_VIENNA.1.2.0
2026-07-18 04:51:29,122 [WARN] PackLoader:240 - Cannot read IP mode file for STMicroelectronics.eDS-WB_DPC_3PH2L-BIDIR.1.1.1
2026-07-18 04:51:29,124 [ERROR] Engine:466 - C:\Users\jibri\.stm32cubemx\thirdparties\pdsc\STMicroelectronics.X-CUBE-ST67W61.1.3.0.pdsc: PDSC version is not supported
2026-07-18 04:51:29,127 [WARN] PackLoader:240 - Cannot read IP mode file for STMicroelectronics.X-CUBE-TOUCHGFX.4.26.1
2026-07-18 04:51:29,130 [WARN] PackLoader:240 - Cannot read IP mode file for STMicroelectronics.X-CUBE-DPower.1.3.0
2026-07-18 04:51:29,144 [WARN] ConditionMgr:438 - getConditionDescription Invalid condition id : LAN8742 Phy interface Condition cause : null
2026-07-18 04:51:29,145 [WARN] PackLoader:240 - Cannot read IP mode file for STMicroelectronics.X-CUBE-AZRTOS-L4.2.0.0
2026-07-18 04:51:29,146 [WARN] ConditionMgr:1044 - genDependencies : Invalid condition id : LAN8742 Phy interface Condition cause : null
2026-07-18 04:51:29,146 [WARN] ConditionMgr:1044 - genDependencies : Invalid condition id : LAN8742 Phy interface Condition cause : null
2026-07-18 04:51:29,146 [WARN] ConditionMgr:1044 - genDependencies : Invalid condition id : LAN8742 Phy interface Condition cause : null
2026-07-18 04:51:29,151 [WARN] PackLoader:240 - Cannot read IP mode file for STMicroelectronics.X-CUBE-SFXS2LP1.4.0.0
2026-07-18 04:51:29,154 [WARN] PackLoader:240 - Cannot read IP mode file for STMicroelectronics.X-CUBE-WB05N.2.1.0
2026-07-18 04:51:29,160 [WARN] PackLoader:240 - Cannot read IP mode file for STMicroelectronics.X-CUBE-BLEMGR.4.1.0
2026-07-18 04:51:29,169 [WARN] ConditionMgr:438 - getConditionDescription Invalid condition id : UX DEVICE CLASS RTOS Condition cause : null
2026-07-18 04:51:29,169 [WARN] ConditionMgr:438 - getConditionDescription Invalid condition id : UX DEVICE CLASS RTOS Condition cause : null
2026-07-18 04:51:29,171 [WARN] PackLoader:240 - Cannot read IP mode file for STMicroelectronics.X-CUBE-AZRTOS-WB.2.0.0
2026-07-18 04:51:29,171 [WARN] ConditionMgr:1044 - genDependencies : Invalid condition id : UX DEVICE CLASS RTOS Condition cause : null
2026-07-18 04:51:29,171 [WARN] ConditionMgr:1044 - genDependencies : Invalid condition id : UX DEVICE CLASS RTOS Condition cause : null
2026-07-18 04:51:29,171 [WARN] ConditionMgr:1044 - genDependencies : Invalid condition id : UX DEVICE CLASS RTOS Condition cause : null
2026-07-18 04:51:29,171 [WARN] ConditionMgr:1044 - genDependencies : Invalid condition id : UX DEVICE CLASS RTOS Condition cause : null
2026-07-18 04:51:29,171 [WARN] ConditionMgr:1044 - genDependencies : Invalid condition id : UX DEVICE CLASS RTOS Condition cause : null
2026-07-18 04:51:29,175 [WARN] ConditionMgr:438 - getConditionDescription Invalid condition id : Cortex-A Device cause : null
2026-07-18 04:51:29,182 [WARN] ConditionMgr:1044 - genDependencies : Invalid condition id : Cortex-A Device cause : null
2026-07-18 04:51:29,182 [WARN] ConditionMgr:1044 - genDependencies : Invalid condition id : Cortex-A Device cause : null
2026-07-18 04:51:29,182 [WARN] ConditionMgr:1044 - genDependencies : Invalid condition id : Cortex-A Device cause : null
2026-07-18 04:51:29,187 [WARN] PackLoader:240 - Cannot read IP mode file for STMicroelectronics.X-CUBE-STSE01.2.0.0
2026-07-18 04:51:29,193 [WARN] PackLoader:240 - Cannot read IP mode file for STMicroelectronics.X-CUBE-SUBG2.5.0.0
2026-07-18 04:51:29,203 [WARN] PackLoader:240 - Cannot read IP mode file for STMicroelectronics.X-CUBE-AZRTOS-G4.2.0.0
2026-07-18 04:51:29,207 [WARN] PackLoader:240 - Cannot read IP mode file for wolfSSL.I-CUBE-wolfSSH.1.4.20
2026-07-18 04:51:29,210 [WARN] PackLoader:240 - Cannot read IP mode file for STMicroelectronics.X-CUBE-NFC7.2.0.0
2026-07-18 04:51:29,213 [ERROR] Engine:466 - C:\Users\jibri\.stm32cubemx\thirdparties\pdsc\STMicroelectronics.X-CUBE-BLEMGR.4.2.0.pdsc: PDSC version is not supported
2026-07-18 04:51:29,216 [WARN] PackLoader:240 - Cannot read IP mode file for STMicroelectronics.X-CUBE-ALS.1.0.2
2026-07-18 04:51:29,222 [WARN] PackLoader:240 - Cannot read IP mode file for STMicroelectronics.X-CUBE-TOF1.3.4.3
2026-07-18 04:51:29,228 [INFO] ThirdParty:978 - Integrity check success = true
2026-07-18 04:51:29,228 [INFO] IntegrityCheckThread:100 - exiting critical section [integrity check]
2026-07-18 04:51:29,228 [INFO] IntegrityCheckThread:103 - End integrity checks thread
2026-07-18 04:51:58,293 [ERROR] LogOutputStream:75 - [STDERR_REDIRECT] 
2026-07-18 04:51:58,293 [ERROR] LogOutputStream:75 - [STDERR_REDIRECT] 
